<?xml version="1.0" encoding="UTF-8"?>
<!-- Generated by org.testng.reporters.JUnitReportReporter -->
<testsuite skipped="0" hostname="Olayinkas-MacBook-Pro.local" name="test.LoginTest" tests="1" failures="0" timestamp="2021-04-27T21:30:48 CDT" time="6.707" errors="0">
  <testcase name="validUserShouldBeAbleToLogin" time="6.707" classname="test.LoginTest"/>
  <system-out/>
</testsuite> <!-- test.LoginTest -->
